[00:45:17] [ServerMain/INFO]: [bootstrap] Running Java 21 (OpenJDK 64-Bit Server VM 21.0.5+11-Ubuntu-1ubuntu120.04; Ubuntu null) on Linux 6.5.0-1025-azure (amd64)
[00:45:17] [ServerMain/INFO]: [bootstrap] Loading Paper 1.21.1-57-master@b483da4 (2024-09-01T18:09:05Z) for Minecraft 1.21.1
[00:45:17] [ServerMain/INFO]: [PluginInitializerManager] Initializing plugins...
[00:45:17] [Paper Plugin Remapper Thread - 2/INFO]: [PluginRemapper] Remapping plugin 'plugins/SkinsRestorer.jar'...
[00:45:20] [Paper Plugin Remapper Thread - 2/INFO]: [PluginRemapper] Done remapping plugin 'plugins/SkinsRestorer.jar' in 2150ms.
[00:45:20] [ServerMain/INFO]: [PluginInitializerManager] Initialized 1 plugin
[00:45:20] [ServerMain/INFO]: [PluginInitializerManager] Bukkit plugins (1):
 - SkinsRestorer (15.4.4)
[00:45:24] [ServerMain/INFO]: Environment: Environment[sessionHost=https://sessionserver.mojang.com, servicesHost=https://api.minecraftservices.com, name=PROD]
[00:45:26] [ServerMain/INFO]: Loaded 1290 recipes
[00:45:26] [ServerMain/INFO]: Loaded 1399 advancements
[00:45:26] [Server thread/INFO]: Starting minecraft server version 1.21.1
[00:45:26] [Server thread/INFO]: Loading properties
[00:45:26] [Server thread/INFO]: This server is running Paper version 1.21.1-57-master@b483da4 (2024-09-01T18:09:05Z) (Implementing API version 1.21.1-R0.1-SNAPSHOT)
[00:45:27] [Server thread/INFO]: [spark] This server bundles the spark profiler. For more information please visit https://docs.papermc.io/paper/profiling
[00:45:27] [Server thread/INFO]: Server Ping Player Sample Count: 12
[00:45:27] [Server thread/INFO]: Using 4 threads for Netty based IO
[00:45:28] [Server thread/INFO]: [ChunkTaskScheduler] Chunk system is using 1 I/O threads, 1 worker threads, and population gen parallelism of 1 threads
[00:45:28] [Server thread/INFO]: Default game type: SURVIVAL
[00:45:28] [Server thread/INFO]: Generating keypair
[00:45:28] [Server thread/INFO]: Starting Minecraft server on *:25565
[00:45:28] [Server thread/INFO]: Using epoll channel type
[00:45:28] [Server thread/INFO]: Paper: Using libdeflate (Linux x86_64) compression from Velocity.
[00:45:28] [Server thread/INFO]: Paper: Using OpenSSL 1.1.x (Linux x86_64) cipher from Velocity.
[00:45:28] [Server thread/INFO]: [SkinsRestorer] Loading server plugin SkinsRestorer v15.4.4
[00:45:28] [Server thread/INFO]: Server permissions file permissions.yml is empty, ignoring it
[00:45:28] [Server thread/INFO]: [SkinsRestorer] Enabling SkinsRestorer v15.4.4
[00:45:29] [Server thread/WARN]: [SkinsRestorer] You must agree to the rules at 'commands.perSkinPermissionsConsent' in the config to use per skin permissions.
[00:45:30] [Server thread/INFO]: [SkinsRestorer] Found custom translations, loading...
[00:45:30] [Server thread/INFO]: [SkinsRestorer] Running on Minecraft 1.21.1.
[00:45:31] [Server thread/INFO]: [SkinsRestorer] Using paper join listener!
[00:45:31] [Server thread/WARN]: **** SERVER IS RUNNING IN OFFLINE/INSECURE MODE!
[00:45:31] [Server thread/WARN]: The server will make no attempt to authenticate usernames. Beware.
[00:45:31] [Server thread/WARN]: While this makes the game possible to play without internet access, it also opens up the ability for hackers to connect with any username they choose.
[00:45:31] [Server thread/WARN]: To change this, set "online-mode" to "true" in the server.properties file.
[00:45:31] [Server thread/INFO]: Preparing level "world"
[00:45:32] [Folia Async Scheduler Thread #1/INFO]: [SkinsRestorer] ----------------------------------------------
[00:45:32] [Folia Async Scheduler Thread #1/INFO]: [SkinsRestorer]     +==================+
[00:45:32] [Folia Async Scheduler Thread #1/INFO]: [SkinsRestorer]     |   SkinsRestorer  |
[00:45:32] [Folia Async Scheduler Thread #1/INFO]: [SkinsRestorer]     |------------------|
[00:45:32] [Folia Async Scheduler Thread #1/INFO]: [SkinsRestorer]     |  Standalone Mode |
[00:45:32] [Folia Async Scheduler Thread #1/INFO]: [SkinsRestorer]     +==================+
[00:45:32] [Folia Async Scheduler Thread #1/INFO]: [SkinsRestorer] ----------------------------------------------
[00:45:32] [Folia Async Scheduler Thread #1/INFO]: [SkinsRestorer]     Version: 15.4.4
[00:45:32] [Folia Async Scheduler Thread #1/INFO]: [SkinsRestorer]     Commit: dc501c7
[00:45:32] [Folia Async Scheduler Thread #1/INFO]: [SkinsRestorer]     A new version (15.5.0) is available! Downloading update...
[00:45:32] [Folia Async Scheduler Thread #1/INFO]: [SkinsRestorer] ----------------------------------------------
[00:45:32] [Folia Async Scheduler Thread #1/INFO]: [SkinsRestorer] Do you have issues? Read our troubleshooting guide: https://skinsrestorer.net/docs/troubleshooting
[00:45:32] [Folia Async Scheduler Thread #1/INFO]: [SkinsRestorer] Want to support SkinsRestorer? Consider donating: https://skinsrestorer.net/donate
[00:45:32] [Folia Async Scheduler Thread #1/INFO]: [SkinsRestorer] [GitHubUpdate] Downloading update...
[00:45:32] [Server thread/INFO]: Preparing start region for dimension minecraft:overworld
[00:45:32] [Folia Async Scheduler Thread #1/INFO]: [SkinsRestorer] [GitHubUpdate] Downloaded update in 545ms
[00:45:32] [Folia Async Scheduler Thread #1/INFO]: [SkinsRestorer] [GitHubUpdate] Update saved as SkinsRestorer.jar
[00:45:32] [Folia Async Scheduler Thread #1/INFO]: [SkinsRestorer] [GitHubUpdate] The update will be loaded on the next server restart
[00:45:33] [Server thread/INFO]: Time elapsed: 1178 ms
[00:45:33] [Server thread/INFO]: Preparing start region for dimension minecraft:the_nether
[00:45:34] [Server thread/INFO]: Time elapsed: 378 ms
[00:45:34] [Server thread/INFO]: Preparing start region for dimension minecraft:the_end
[00:45:34] [Server thread/INFO]: Time elapsed: 84 ms
[00:45:34] [Server thread/INFO]: [spark] Starting background profiler...
[00:45:34] [Server thread/INFO]: Done preparing level "world" (2.595s)
[00:45:34] [Server thread/INFO]: Running delayed init tasks
[00:45:34] [Server thread/INFO]: Done (17.802s)! For help, type "help"
[00:45:34] [Server thread/INFO]: Timings Reset
[00:45:37] [User Authenticator #0/INFO]: UUID of player DannyFresh5 is 6fead645-1b1b-3a8e-aa74-a7313e356f0a
[00:45:40] [Server thread/INFO]: DannyFresh5 joined the game
[00:45:40] [Server thread/INFO]: DannyFresh5[/127.70.111.234:54683] logged in with entity id 69 at ([world]-18.5, 74.0, -52.5)
[00:45:48] [User Authenticator #0/INFO]: UUID of player Albinuwu is ec444163-472c-36e3-b2ec-86ee33fcf566
[00:45:50] [Server thread/INFO]: Albinuwu joined the game
[00:45:50] [Server thread/INFO]: Albinuwu[/127.226.70.102:38897] logged in with entity id 234 at ([world]-29.028607128070295, 72.0, -50.56995036467157)
[00:46:01] [Async Chat Thread - #0/INFO]: [Not Secure] <Albinuwu> a ver si va
[00:46:07] [Async Chat Thread - #0/INFO]: [Not Secure] <DannyFresh5> asd
[00:46:08] [Async Chat Thread - #0/INFO]: [Not Secure] <DannyFresh5> asd
[00:46:13] [Async Chat Thread - #0/INFO]: [Not Secure] <Albinuwu> que linda skin
[00:46:16] [Async Chat Thread - #0/INFO]: [Not Secure] <DannyFresh5> medio con delay
[00:46:51] [Server thread/INFO]: Albinuwu was slain by DannyFresh5
[00:46:53] [Async Chat Thread - #0/INFO]: [Not Secure] <DannyFresh5> zzzz
[00:46:54] [Async Chat Thread - #0/INFO]: [Not Secure] <Albinuwu> xd
[00:46:56] [Server thread/INFO]: DannyFresh5 was doomed to fall by Albinuwu
[00:47:11] [Async Chat Thread - #0/INFO]: [Not Secure] <DannyFresh5> parece q hay un poco de delay en el sv
[00:47:54] [Async Chat Thread - #0/INFO]: [Not Secure] <Albinuwu> ah, ta suave
[00:48:07] [Async Chat Thread - #0/INFO]: [Not Secure] <DannyFresh5> aguanta ctm
[00:48:11] [Async Chat Thread - #0/INFO]: [Not Secure] <DannyFresh5> que todavia falta que entrena
[00:48:14] [Async Chat Thread - #0/INFO]: [Not Secure] <Albinuwu> si
[00:48:15] [Async Chat Thread - #0/INFO]: [Not Secure] <DannyFresh5> entren*
[00:50:08] [User Authenticator #1/INFO]: UUID of player gabriel is 2e62398a-e8e5-36b9-94e2-c552272fb9c0
[00:50:09] [Server thread/INFO]: gabriel joined the game
[00:50:09] [Server thread/INFO]: gabriel[/127.209.80.206:57773] logged in with entity id 881 at ([world]-8.5, 68.0, -38.5)
[00:53:11] [Async Chat Thread - #2/INFO]: [Not Secure] <Albinuwu> AKSHJDKAJSDKJAHSDJ
[00:53:17] [Async Chat Thread - #2/INFO]: [Not Secure] <Albinuwu> con /skin
[00:53:23] [Server thread/INFO]: Albinuwu issued server command: /skin
[00:53:51] [Server thread/INFO]: Made gabriel a server operator
[00:54:01] [Server thread/INFO]: Albinuwu issued server command: /skin
[00:54:04] [Server thread/INFO]: gabriel issued server command: /skin spiderman
[00:54:18] [Async Chat Thread - #4/INFO]: [Not Secure] <Albinuwu> ./skin SpreenDMC
[00:54:31] [Server thread/INFO]: gabriel issued server command: /skin SpreenDMC
[00:54:59] [Server thread/INFO]: Made gabriel no longer a server operator
[00:55:11] [Server thread/INFO]: Made Albinuwu a server operator
[00:55:13] [Server thread/INFO]: Albinuwu lost connection: Disconnected
[00:55:13] [Server thread/INFO]: Albinuwu left the game
